Determining if the pthread_create exist failed with the following output:
Change Dir: /home/kbmod-usr/cuda-workspace/kbmod/search/pybinds/CMakeFiles/CMakeTmp

Run Build Command:"/usr/bin/make" "cmTC_459d7/fast"
/usr/bin/make -f CMakeFiles/cmTC_459d7.dir/build.make CMakeFiles/cmTC_459d7.dir/build
make[1]: Entering directory '/home/kbmod-usr/cuda-workspace/kbmod/search/pybinds/CMakeFiles/CMakeTmp'
Building C object CMakeFiles/cmTC_459d7.dir/CheckSymbolExists.c.o
/usr/bin/cc    -fPIC    -o CMakeFiles/cmTC_459d7.dir/CheckSymbolExists.c.o   -c /home/kbmod-usr/cuda-workspace/kbmod/search/pybinds/CMakeFiles/CMakeTmp/CheckSymbolExists.c
Linking C executable cmTC_459d7
/usr/bin/cmake -E cmake_link_script CMakeFiles/cmTC_459d7.dir/link.txt --verbose=1
/usr/bin/cc  -fPIC     CMakeFiles/cmTC_459d7.dir/CheckSymbolExists.c.o  -o cmTC_459d7 
CMakeFiles/cmTC_459d7.dir/CheckSymbolExists.c.o: In function `main':
CheckSymbolExists.c:(.text+0x1b): undefined reference to `pthread_create'
collect2: error: ld returned 1 exit status
CMakeFiles/cmTC_459d7.dir/build.make:97: recipe for target 'cmTC_459d7' failed
make[1]: *** [cmTC_459d7] Error 1
make[1]: Leaving directory '/home/kbmod-usr/cuda-workspace/kbmod/search/pybinds/CMakeFiles/CMakeTmp'
Makefile:126: recipe for target 'cmTC_459d7/fast' failed
make: *** [cmTC_459d7/fast] Error 2

File /home/kbmod-usr/cuda-workspace/kbmod/search/pybinds/CMakeFiles/CMakeTmp/CheckSymbolExists.c:
/* */
#include <pthread.h>

int main(int argc, char** argv)
{
  (void)argv;
#ifndef pthread_create
  return ((int*)(&pthread_create))[argc];
#else
  (void)argc;
  return 0;
#endif
}

Determining if the function pthread_create exists in the pthreads failed with the following output:
Change Dir: /home/kbmod-usr/cuda-workspace/kbmod/search/pybinds/CMakeFiles/CMakeTmp

Run Build Command:"/usr/bin/make" "cmTC_e124f/fast"
/usr/bin/make -f CMakeFiles/cmTC_e124f.dir/build.make CMakeFiles/cmTC_e124f.dir/build
make[1]: Entering directory '/home/kbmod-usr/cuda-workspace/kbmod/search/pybinds/CMakeFiles/CMakeTmp'
Building C object CMakeFiles/cmTC_e124f.dir/CheckFunctionExists.c.o
/usr/bin/cc    -fPIC -DCHECK_FUNCTION_EXISTS=pthread_create   -o CMakeFiles/cmTC_e124f.dir/CheckFunctionExists.c.o   -c /usr/share/cmake-3.5/Modules/CheckFunctionExists.c
Linking C executable cmTC_e124f
/usr/bin/cmake -E cmake_link_script CMakeFiles/cmTC_e124f.dir/link.txt --verbose=1
/usr/bin/cc  -fPIC -DCHECK_FUNCTION_EXISTS=pthread_create    CMakeFiles/cmTC_e124f.dir/CheckFunctionExists.c.o  -o cmTC_e124f -lpthreads 
/usr/bin/ld: cannot find -lpthreads
collect2: error: ld returned 1 exit status
CMakeFiles/cmTC_e124f.dir/build.make:97: recipe for target 'cmTC_e124f' failed
make[1]: *** [cmTC_e124f] Error 1
make[1]: Leaving directory '/home/kbmod-usr/cuda-workspace/kbmod/search/pybinds/CMakeFiles/CMakeTmp'
Makefile:126: recipe for target 'cmTC_e124f/fast' failed
make: *** [cmTC_e124f/fast] Error 2


